<?xml version="1.0" encoding="utf-8"?><testsuites><testsuite name="pytest" errors="0" failures="0" skipped="0" tests="16" time="0.129" timestamp="2026-08-22T11:31:43.291141+00:00" hostname="runnervm76f27"><testcase classname="tests.test_vertical_slice" name="test_manifest_requires_schema_version_one" time="0.002" /><testcase classname="tests.test_vertical_slice" name="test_checksum_mismatch_fails_before_database_write" time="0.003" /><testcase classname="tests.test_vertical_slice" name="test_byte_size_mismatch_fails" time="0.001" /><testcase classname="tests.test_vertical_slice" name="test_vintage_stamped_header_is_required" time="0.013" /><testcase classname="tests.test_vertical_slice" name="test_decimal_is_preserved_as_canonical_text" time="0.002" /><testcase classname="tests.test_vertical_slice" name="test_missing_values_become_null_not_zero[.]" time="0.001" /><testcase classname="tests.test_vertical_slice" name="test_missing_values_become_null_not_zero[]" time="0.001" /><testcase classname="tests.test_vertical_slice" name="test_idempotent_reingestion_is_no_op" time="0.001" /><testcase classname="tests.test_vertical_slice" name="test_same_vintage_different_checksum_is_hard_failure" time="0.001" /><testcase classname="tests.test_vertical_slice" name="test_as_of_before_revision_returns_first_value" time="0.002" /><testcase classname="tests.test_vertical_slice" name="test_as_of_revision_boundary_returns_second_value" time="0.002" /><testcase classname="tests.test_vertical_slice" name="test_before_first_vintage_returns_none" time="0.002" /><testcase classname="tests.test_vertical_slice" name="test_exactly_one_open_system_interval" time="0.002" /><testcase classname="tests.test_vertical_slice" name="test_system_intervals_do_not_overlap" time="0.002" /><testcase classname="tests.test_vertical_slice" name="test_as_of_index_exists" time="0.001" /><testcase classname="tests.test_vertical_slice" name="test_committed_official_vertical_slice" time="0.001" /></testsuite></testsuites>